<?xml version="1.0" encoding="UTF-8"?>
<!-- Generated by org.testng.reporters.JUnitReportReporter -->
<testsuite hostname="BMO" failures="0" tests="3" name="testing.FlightTest" time="472.394" errors="0" timestamp="2022-10-07T12:21:29 CDT" skipped="0">
  <testcase classname="testing.FlightTest" name="FirstTest" time="101.967"/>
  <system-out/>
  <testcase classname="testing.FlightTest" name="SecondTest" time="189.582"/>
  <system-out/>
  <testcase classname="testing.FlightTest" name="AllStepsTest" time="180.845"/>
  <system-out/>
</testsuite> <!-- testing.FlightTest -->
