<?xml version="1.0" encoding="UTF-8"?>
<!-- Generated by org.testng.reporters.JUnitReportReporter -->
<testsuite hostname="BMO" failures="0" tests="1" name="testing.LogTest" time="102.205" errors="0" timestamp="2022-10-07T11:18:47 CDT" skipped="0">
  <testcase classname="testing.LogTest" name="FirstTest" time="102.205"/>
  <system-out/>
</testsuite> <!-- testing.LogTest -->
